<?xml version="1.0" encoding="UTF-8" ?>
<testsuites>
 <testsuite name="Protractor Demo App" timestamp="2017-03-17T12:11:22" hostname="localhost" time="1.057" errors="0" tests="2" skipped="0" disabled="0" failures="1">
  <testcase classname="Protractor Demo App" name="should have a title" time="0.772" />
  <testcase classname="Protractor Demo App" name="should have a wrong title" time="0.284">
   <failure type="toBe" message="Expected &apos;Super Calculator&apos; to be &apos;Super Calculatorama&apos;."><![CDATA[Error: Failed expectation
    at Object.<anonymous> (/Users/graverv/Projects/protractor-accessibility/source/index.js:14:36)
    at /Users/graverv/.nvm/versions/node/v6.10.0/lib/node_modules/protractor/node_modules/jasminewd2/index.js:110:25
    at new ManagedPromise (/Users/graverv/.nvm/versions/node/v6.10.0/lib/node_modules/protractor/node_modules/selenium-webdriver/lib/promise.js:1067:7)
    at ControlFlow.promise (/Users/graverv/.nvm/versions/node/v6.10.0/lib/node_modules/protractor/node_modules/selenium-webdriver/lib/promise.js:2396:12)
    at schedulerExecute (/Users/graverv/.nvm/versions/node/v6.10.0/lib/node_modules/protractor/node_modules/jasminewd2/index.js:95:18)
    at TaskQueue.execute_ (/Users/graverv/.nvm/versions/node/v6.10.0/lib/node_modules/protractor/node_modules/selenium-webdriver/lib/promise.js:2970:14)
    at TaskQueue.executeNext_ (/Users/graverv/.nvm/versions/node/v6.10.0/lib/node_modules/protractor/node_modules/selenium-webdriver/lib/promise.js:2953:27)
    at asyncRun (/Users/graverv/.nvm/versions/node/v6.10.0/lib/node_modules/protractor/node_modules/selenium-webdriver/lib/promise.js:2860:25)
    at /Users/graverv/.nvm/versions/node/v6.10.0/lib/node_modules/protractor/node_modules/selenium-webdriver/lib/promise.js:676:7]]>
   </failure>
  </testcase>
 </testsuite>
</testsuites>